
Thu Dec 23 13:56:27 MSK 2021 1124171 root 20 0 237828 18476 2964 R 12.5 8.5 0:03.45 mem.bash
Thu Dec 23 13:56:27 MSK 2021 1124172 root 20 0 237828 18608 3036 R 6.2 8.5 0:03.31 mem2.bash
Thu Dec 23 13:56:27 MSK 2021 Mib Mem: 213.3 total 4.9 free 119.5 used 88.9 buff/cache
Thu Dec 23 13:56:27 MSK 2021 Mib Swap: 820.0 total 737.8 free 82.2 used 85.8 avail mem
Thu Dec 23 13:56:27 MSK 2021 1124171 1124172 1 2 3

Thu Dec 23 13:57:28 MSK 2021 1124171 root 20 0 254856 29824 2908 S 18.8 13.7 0:09.75 mem.bash 1207104 root 20 0 254856 26916 0 R 0.0 12.3 0:00.00 mem.bash
Thu Dec 23 13:57:28 MSK 2021 1124172 root 20 0 254856 28048 2976 R 12.5 12.8 0:09.44 mem2.bash
Thu Dec 23 13:57:28 MSK 2021 Mib Mem: 213.3 total 12.0 free 143.3 used 58.1 buff/cache
Thu Dec 23 13:57:28 MSK 2021 Mib Swap: 820.0 total 722.5 free 97.5 used 58.1 avail mem
Thu Dec 23 13:57:28 MSK 2021 1124171 1124172 1 2 3

Thu Dec 23 13:58:29 MSK 2021 1124171 root 20 0 268848 34284 2908 R 6.7 15.7 0:16.88 mem.bash
Thu Dec 23 13:58:29 MSK 2021 1124172 root 20 0 268848 34404 2976 S 18.8 15.8 0:16.44 mem2.bash 1242892 root 20 0 268848 31432 0 R 0.0 14.4 0:00.00 mem2.bash
Thu Dec 23 13:58:29 MSK 2021 Mib Mem: 213.3 total 8.0 free 154.2 used 51.1 buff/cache
Thu Dec 23 13:58:29 MSK 2021 Mib Swap: 820.0 total 704.2 free 115.8 used 53.6 avail mem
Thu Dec 23 13:58:29 MSK 2021 1124171 1124172 1 2 3

Thu Dec 23 13:59:30 MSK 2021 1124171 root 20 0 281124 39636 2908 S 12.5 18.1 0:24.71 mem.bash 1274321 root 20 0 281124 36732 0 R 0.0 16.8 0:00.00 mem.bash
Thu Dec 23 13:59:30 MSK 2021 1124172 root 20 0 281124 38692 2976 R 12.5 17.7 0:24.13 mem2.bash
Thu Dec 23 13:59:30 MSK 2021 Mib Mem: 213.3 total 8.2 free 161.6 used 43.5 buff/cache
Thu Dec 23 13:59:30 MSK 2021 Mib Swap: 820.0 total 688.5 free 131.5 used 37.1 avail mem
Thu Dec 23 13:59:30 MSK 2021 1124172 1124171 1 2 3

Thu Dec 23 14:00:31 MSK 2021 1124171 root 20 0 291420 36528 2888 S 7.1 16.7 0:33.30 mem.bash 1300666 root 20 0 291420 33644 0 R 0.0 15.4 0:00.00 mem.bash
Thu Dec 23 14:00:31 MSK 2021 1124172 root 20 0 291420 36604 2956 R 12.5 16.8 0:32.58 mem2.bash
Thu Dec 23 14:00:31 MSK 2021 Mib Mem: 213.3 total 6.3 free 155.2 used 51.8 buff/cache
Thu Dec 23 14:00:31 MSK 2021 Mib Swap: 820.0 total 663.9 free 156.1 used 46.3 avail mem
Thu Dec 23 14:00:32 MSK 2021 1124171 1124172 11 1 2

Thu Dec 23 14:01:32 MSK 2021 1124171 root 20 0 301188 34020 2744 R 10.5 15.6 0:42.17 mem.bash
Thu Dec 23 14:01:32 MSK 2021 1124172 root 20 0 301320 33540 2808 S 12.5 15.4 0:41.36 mem2.bash 1325995 root 20 0 301320 30736 0 R 0.0 14.1 0:00.00 mem2.bash
Thu Dec 23 14:01:32 MSK 2021 Mib Mem: 213.3 total 8.6 free 149.1 used 55.7 buff/cache
Thu Dec 23 14:01:32 MSK 2021 Mib Swap: 820.0 total 638.2 free 181.8 used 56.5 avail mem
Thu Dec 23 14:01:33 MSK 2021 1124171 1124172 1 2 3

Thu Dec 23 14:02:33 MSK 2021 1124171 root 20 0 310032 37424 2744 S 18.8 17.1 0:51.34 mem.bash 1348502 root 20 0 310032 34684 0 R 0.0 15.9 0:00.00 mem.bash
Thu Dec 23 14:02:33 MSK 2021 1124172 root 20 0 310032 37520 2808 S 20.0 17.2 0:50.42 mem2.bash 1348576 root 20 0 310032 34712 0 R 0.0 15.9 0:00.00 mem2.bash
Thu Dec 23 14:02:33 MSK 2021 Mib Mem: 213.3 total 6.4 free 157.2 used 49.8 buff/cache
Thu Dec 23 14:02:33 MSK 2021 Mib Swap: 820.0 total 628.6 free 191.4 used 48.4 avail mem
Thu Dec 23 14:02:34 MSK 2021 1124171 1124172 1 2 3

Thu Dec 23 14:03:34 MSK 2021 1124171 root 20 0 319404 39852 2684 R 10.5 18.2 1:00.78 mem.bash
Thu Dec 23 14:03:34 MSK 2021 1124172 root 20 0 319404 38560 2712 R 20.0 17.7 0:59.68 mem2.bash
Thu Dec 23 14:03:34 MSK 2021 Mib Mem: 213.3 total 8.0 free 157.9 used 47.5 buff/cache
Thu Dec 23 14:03:34 MSK 2021 Mib Swap: 820.0 total 612.1 free 207.9 used 47.7 avail mem
Thu Dec 23 14:03:35 MSK 2021 1124171 1124172 1 2 3

Thu Dec 23 14:04:35 MSK 2021 1124171 root 20 0 328776 40148 2612 R 11.1 18.4 1:10.47 mem.bash
Thu Dec 23 14:04:35 MSK 2021 1124172 root 20 0 328776 40196 2636 R 20.0 18.4 1:09.29 mem2.bash
Thu Dec 23 14:04:35 MSK 2021 Mib Mem: 213.3 total 6.5 free 160.6 used 46.2 buff/cache
Thu Dec 23 14:04:36 MSK 2021 Mib Swap: 820.0 total 597.3 free 222.7 used 45.2 avail mem
Thu Dec 23 14:04:36 MSK 2021 1124171 1124172 10 1 2

Thu Dec 23 14:05:36 MSK 2021 1124171 root 20 0 337752 32908 2564 S 13.0 15.1 1:20.46 mem.bash 1419580 root 20 0 337752 30348 0 R 0.0 13.9 0:00.00 mem.bash
Thu Dec 23 14:05:36 MSK 2021 1124172 root 20 0 337752 32968 2588 S 12.5 15.1 1:19.06 mem2.bash 1419662 root 20 0 337752 30380 0 R 0.0 13.9 0:00.00 mem2.bash
Thu Dec 23 14:05:36 MSK 2021 Mib Mem: 213.3 total 8.2 free 148.6 used 56.5 buff/cache
Thu Dec 23 14:05:37 MSK 2021 Mib Swap: 820.0 total 566.3 free 253.7 used 56.7 avail mem
Thu Dec 23 14:05:37 MSK 2021 1124171 1124172 1 2 3

Thu Dec 23 14:06:37 MSK 2021 1124171 root 20 0 346596 35076 2564 S 17.6 16.1 1:30.62 mem.bash 1442188 root 20 0 346596 32512 0 R 0.0 14.9 0:00.00 mem.bash
Thu Dec 23 14:06:37 MSK 2021 1124172 root 20 0 346596 35128 2588 S 13.3 16.1 1:29.10 mem2.bash 1442258 root 20 0 346596 32540 0 R 0.0 14.9 0:00.00 mem2.bash
Thu Dec 23 14:06:38 MSK 2021 Mib Mem: 213.3 total 7.6 free 154.3 used 51.4 buff/cache
Thu Dec 23 14:06:38 MSK 2021 Mib Swap: 820.0 total 553.2 free 266.8 used 51.2 avail mem
Thu Dec 23 14:06:38 MSK 2021 1124171 1124172 1 2 3

Thu Dec 23 14:07:38 MSK 2021 1124171 root 20 0 354780 37020 2548 S 20.0 16.9 1:41.05 mem.bash 1463181 root 20 0 354780 34472 0 R 0.0 15.8 0:00.00 mem.bash
Thu Dec 23 14:07:38 MSK 2021 1124172 root 20 0 354780 37084 2572 S 13.3 17.0 1:39.48 mem2.bash 1463253 root 20 0 354780 34512 0 R 0.0 15.8 0:00.00 mem2.bash
Thu Dec 23 14:07:39 MSK 2021 Mib Mem: 213.3 total 8.9 free 158.2 used 46.2 buff/cache
Thu Dec 23 14:07:39 MSK 2021 Mib Swap: 820.0 total 541.2 free 278.8 used 47.1 avail mem
Thu Dec 23 14:07:39 MSK 2021 1124172 1124171 1 2 3

Thu Dec 23 14:08:39 MSK 2021 1124171 root 20 0 362568 35484 2548 S 11.1 16.2 1:51.72 mem.bash 1483003 root 20 0 362568 32940 0 R 0.0 15.1 0:00.00 mem.bash
Thu Dec 23 14:08:39 MSK 2021 1124172 root 20 0 362568 35536 2572 S 13.3 16.3 1:50.03 mem2.bash 1483073 root 20 0 362568 32964 0 R 0.0 15.1 0:00.00 mem2.bash
Thu Dec 23 14:08:40 MSK 2021 Mib Mem: 213.3 total 6.8 free 153.9 used 52.6 buff/cache
Thu Dec 23 14:08:40 MSK 2021 Mib Swap: 820.0 total 522.9 free 297.1 used 51.6 avail mem
Thu Dec 23 14:08:40 MSK 2021 1124172 1124171 1 2 3

Thu Dec 23 14:09:40 MSK 2021 1124171 root 20 0 370224 38500 2548 R 13.3 17.6 2:02.58 mem.bash
Thu Dec 23 14:09:41 MSK 2021 1124172 root 20 0 370224 38564 2572 S 12.5 17.7 2:00.72 mem2.bash 1502815 root 20 0 370224 35992 0 R 0.0 16.5 0:00.00 mem2.bash
Thu Dec 23 14:09:41 MSK 2021 Mib Mem: 213.3 total 8.3 free 159.7 used 45.3 buff/cache
Thu Dec 23 14:09:41 MSK 2021 Mib Swap: 820.0 total 513.7 free 306.3 used 45.8 avail mem
Thu Dec 23 14:09:41 MSK 2021 1124171 1124172 1 2 3

Thu Dec 23 14:10:41 MSK 2021 1124171 root 20 0 376824 38608 2548 S 8.0 17.7 2:13.54 mem.bash 1519835 root 20 0 376824 36060 0 R 0.0 16.5 0:00.00 mem.bash
Thu Dec 23 14:10:42 MSK 2021 1124172 root 20 0 376956 38664 2572 R 12.5 17.7 2:11.54 mem2.bash
Thu Dec 23 14:10:42 MSK 2021 Mib Mem: 213.3 total 8.4 free 160.6 used 44.3 buff/cache
Thu Dec 23 14:10:42 MSK 2021 Mib Swap: 820.0 total 500.7 free 319.3 used 45.0 avail mem
Thu Dec 23 14:10:42 MSK 2021 1124171 1124172 1 2 3

Thu Dec 23 14:11:43 MSK 2021 1124171 root 20 0 383556 16908 2372 S 15.0 7.7 2:24.44 mem.bash 1537005 root 20 0 383556 14536 0 R 0.0 6.7 0:00.00 mem.bash
Thu Dec 23 14:11:43 MSK 2021 1124172 root 20 0 383556 16788 2396 S 18.8 7.7 2:22.37 mem2.bash 1537073 root 20 0 383556 14392 0 R 0.0 6.6 0:00.00 mem2.bash
Thu Dec 23 14:11:43 MSK 2021 Mib Mem: 213.3 total 6.8 free 135.5 used 71.0 buff/cache
Thu Dec 23 14:11:43 MSK 2021 Mib Swap: 820.0 total 442.2 free 377.8 used 69.7 avail mem
Thu Dec 23 14:11:43 MSK 2021 1124171 1124172 1532192 1 2

Thu Dec 23 14:12:44 MSK 2021 1124171 root 20 0 391608 13508 2320 S 10.5 6.2 2:35.71 mem.bash 1557629 root 20 0 391608 11188 0 R 0.0 5.1 0:00.00 mem.bash
Thu Dec 23 14:12:44 MSK 2021 1124172 root 20 0 391608 13576 2340 S 18.8 6.2 2:33.54 mem2.bash 1557702 root 20 0 391608 11236 0 R 0.0 5.1 0:00.00 mem2.bash
Thu Dec 23 14:12:44 MSK 2021 Mib Mem: 213.3 total 18.5 free 111.2 used 83.6 buff/cache
Thu Dec 23 14:12:44 MSK 2021 Mib Swap: 820.0 total 422.7 free 397.3 used 94.1 avail mem
Thu Dec 23 14:12:45 MSK 2021 1124171 1124172 1 2 3

Thu Dec 23 14:13:45 MSK 2021 1124171 root 20 0 399264 21224 2320 R 13.3 9.7 2:47.22 mem.bash
Thu Dec 23 14:13:45 MSK 2021 1124172 root 20 0 399396 21296 2340 R 25.0 9.7 2:45.02 mem2.bash
Thu Dec 23 14:13:45 MSK 2021 Mib Mem: 213.3 total 9.9 free 126.3 used 77.0 buff/cache
Thu Dec 23 14:13:45 MSK 2021 Mib Swap: 820.0 total 422.7 free 397.3 used 79.3 avail mem
Thu Dec 23 14:13:45 MSK 2021 1124171 1124172 1 2 3

Thu Dec 23 14:14:46 MSK 2021 1124171 root 20 0 406656 28488 2320 S 12.5 13.0 2:58.81 mem.bash 1596043 root 20 0 406656 26168 0 R 0.0 12.0 0:00.00 mem.bash
Thu Dec 23 14:14:46 MSK 2021 1124172 root 20 0 406656 28556 2340 R 18.8 13.1 2:56.53 mem2.bash
Thu Dec 23 14:14:46 MSK 2021 Mib Mem: 213.3 total 10.6 free 140.9 used 61.8 buff/cache
Thu Dec 23 14:14:46 MSK 2021 Mib Swap: 820.0 total 422.7 free 397.3 used 65.1 avail mem
Thu Dec 23 14:14:47 MSK 2021 1124171 1124172 1 2 3

Thu Dec 23 14:15:47 MSK 2021 1124171 root 20 0 413520 34796 2320 S 13.6 15.9 3:10.56 mem.bash 1613973 root 20 0 413520 32480 0 R 0.0 14.9 0:00.00 mem.bash
Thu Dec 23 14:15:47 MSK 2021 1124172 root 20 0 413652 34864 2340 S 20.0 16.0 3:08.08 mem2.bash 1614028 root 20 0 413652 32524 0 R 0.0 14.9 0:00.00 mem2.bash
Thu Dec 23 14:15:47 MSK 2021 Mib Mem: 213.3 total 7.8 free 152.8 used 52.8 buff/cache
Thu Dec 23 14:15:47 MSK 2021 Mib Swap: 820.0 total 421.2 free 398.8 used 45.5 avail mem
Thu Dec 23 14:15:48 MSK 2021 1124172 1124171 1 2 3

Thu Dec 23 14:16:48 MSK 2021 1124171 root 20 0 419856 36464 2316 R 15.8 16.7 3:22.28 mem.bash
Thu Dec 23 14:16:48 MSK 2021 1124172 root 20 0 419988 34488 2332 R 11.1 15.8 3:19.71 mem2.bash
Thu Dec 23 14:16:48 MSK 2021 Mib Mem: 213.3 total 10.8 free 150.6 used 51.9 buff/cache
Thu Dec 23 14:16:49 MSK 2021 Mib Swap: 820.0 total 408.0 free 412.0 used 48.4 avail mem
Thu Dec 23 14:16:49 MSK 2021 1124171 1124172 1 2 3

Thu Dec 23 14:17:49 MSK 2021 1124171 root 20 0 426324 36764 2316 S 20.0 16.8 3:34.10 mem.bash 1646682 root 20 0 426324 34448 0 R 0.0 15.8 0:00.00 mem.bash
Thu Dec 23 14:17:49 MSK 2021 1124172 root 20 0 426324 36812 2332 S 18.8 16.9 3:31.48 mem2.bash 1646740 root 20 0 426324 34484 0 R 0.0 15.8 0:00.00 mem2.bash
Thu Dec 23 14:17:49 MSK 2021 Mib Mem: 213.3 total 11.3 free 155.0 used 47.0 buff/cache
Thu Dec 23 14:17:50 MSK 2021 Mib Swap: 820.0 total 399.8 free 420.2 used 46.7 avail mem
Thu Dec 23 14:17:50 MSK 2021 1124171 1124172 1 2 3

Thu Dec 23 14:18:50 MSK 2021 1124171 root 20 0 432792 37076 2316 S 12.5 17.0 3:45.97 mem.bash 1663258 root 20 0 432792 34760 0 R 0.0 15.9 0:00.00 mem.bash
Thu Dec 23 14:18:50 MSK 2021 1124172 root 20 0 432792 37128 2332 R 18.8 17.0 3:43.30 mem2.bash
Thu Dec 23 14:18:50 MSK 2021 Mib Mem: 213.3 total 10.6 free 157.2 used 45.5 buff/cache
Thu Dec 23 14:18:51 MSK 2021 Mib Swap: 820.0 total 387.8 free 432.2 used 41.5 avail mem
Thu Dec 23 14:18:51 MSK 2021 1124171 1124172 1 2 3

Thu Dec 23 14:19:51 MSK 2021 1124171 root 20 0 439128 38636 2308 S 17.6 17.7 3:58.02 mem.bash 1679519 root 20 0 439128 36328 0 R 0.0 16.6 0:00.00 mem.bash
Thu Dec 23 14:19:51 MSK 2021 1124172 root 20 0 439128 38680 2328 S 18.8 17.7 3:55.20 mem2.bash 1679577 root 20 0 439128 36352 0 R 0.0 16.6 0:00.00 mem2.bash
Thu Dec 23 14:19:52 MSK 2021 Mib Mem: 213.3 total 7.0 free 160.7 used 45.5 buff/cache
Thu Dec 23 14:19:52 MSK 2021 Mib Swap: 820.0 total 378.3 free 441.7 used 40.9 avail mem
Thu Dec 23 14:19:52 MSK 2021 1124171 1124172 1 2 3

Thu Dec 23 14:20:52 MSK 2021 1124171 root 20 0 445200 38176 2308 R 14.3 17.5 4:10.06 mem.bash
Thu Dec 23 14:20:52 MSK 2021 1124172 root 20 0 445332 37668 2328 R 18.8 17.2 4:07.19 mem2.bash
Thu Dec 23 14:20:53 MSK 2021 Mib Mem: 213.3 total 8.9 free 158.5 used 45.9 buff/cache
Thu Dec 23 14:20:53 MSK 2021 Mib Swap: 820.0 total 364.7 free 455.3 used 46.7 avail mem
Thu Dec 23 14:20:53 MSK 2021 1124171 1124172 1 2 3

Thu Dec 23 14:21:53 MSK 2021 1124171 root 20 0 451404 37696 2308 S 18.8 17.3 4:22.17 mem.bash 1710834 root 20 0 451404 35388 0 R 0.0 16.2 0:00.00 mem.bash
Thu Dec 23 14:21:53 MSK 2021 1124172 root 20 0 451404 37728 2328 S 18.8 17.3 4:19.28 mem2.bash 1710886 root 20 0 451404 35404 0 R 0.0 16.2 0:00.00 mem2.bash
Thu Dec 23 14:21:54 MSK 2021 Mib Mem: 213.3 total 8.3 free 159.6 used 45.4 buff/cache
Thu Dec 23 14:21:54 MSK 2021 Mib Swap: 820.0 total 353.0 free 467.0 used 46.0 avail mem
Thu Dec 23 14:21:54 MSK 2021 1124172 1124171 1 2 3

Thu Dec 23 14:22:54 MSK 2021 1124171 root 20 0 457212 39788 2308 S 15.8 18.2 4:34.40 mem.bash 1725785 root 20 0 457212 37480 0 R 0.0 17.2 0:00.00 mem.bash
Thu Dec 23 14:22:55 MSK 2021 1124172 root 20 0 457212 39824 2328 S 18.8 18.2 4:31.44 mem2.bash 1725856 root 20 0 457212 37500 0 R 0.0 17.2 0:00.00 mem2.bash
Thu Dec 23 14:22:55 MSK 2021 Mib Mem: 213.3 total 6.4 free 160.3 used 46.6 buff/cache
Thu Dec 23 14:22:55 MSK 2021 Mib Swap: 820.0 total 345.4 free 474.6 used 45.4 avail mem
Thu Dec 23 14:22:55 MSK 2021 1124172 1124171 1 2 3

Thu Dec 23 14:23:55 MSK 2021 1124171 root 20 0 463020 34560 2304 R 15.0 15.8 4:46.67 mem.bash
Thu Dec 23 14:23:56 MSK 2021 1124172 root 20 0 463020 34596 2324 S 20.0 15.8 4:43.73 mem2.bash 1740681 root 20 0 463020 32276 0 R 0.0 14.8 0:00.00 mem2.bash
Thu Dec 23 14:23:56 MSK 2021 Mib Mem: 213.3 total 8.0 free 152.2 used 53.1 buff/cache
Thu Dec 23 14:23:56 MSK 2021 Mib Swap: 820.0 total 324.5 free 495.5 used 49.4 avail mem
Thu Dec 23 14:23:56 MSK 2021 1124171 1124172 1 2 3

Thu Dec 23 14:24:57 MSK 2021 1124171 root 20 0 468564 34992 2304 R 16.7 16.0 4:58.98 mem.bash
Thu Dec 23 14:24:57 MSK 2021 1124172 root 20 0 468564 35032 2324 R 20.0 16.0 4:55.99 mem2.bash
Thu Dec 23 14:24:57 MSK 2021 Mib Mem: 213.3 total 8.7 free 152.7 used 52.0 buff/cache
Thu Dec 23 14:24:57 MSK 2021 Mib Swap: 820.0 total 314.3 free 505.7 used 53.0 avail mem
Thu Dec 23 14:24:57 MSK 2021 1124171 1124172 1 2 3

Thu Dec 23 14:25:58 MSK 2021 1124171 root 20 0 474108 36288 2304 S 13.6 16.6 5:11.38 mem.bash 1769031 root 20 0 474108 33984 0 R 0.0 15.6 0:00.00 mem.bash
Thu Dec 23 14:25:58 MSK 2021 1124172 root 20 0 474108 36324 2324 R 17.6 16.6 5:08.29 mem2.bash
Thu Dec 23 14:25:58 MSK 2021 Mib Mem: 213.3 total 7.6 free 155.0 used 50.7 buff/cache
Thu Dec 23 14:25:58 MSK 2021 Mib Swap: 820.0 total 306.3 free 513.7 used 51.1 avail mem
Thu Dec 23 14:25:59 MSK 2021 1124171 1124172 1 2 3

Thu Dec 23 14:26:59 MSK 2021 1124171 root 20 0 479784 37248 2304 S 20.0 17.1 5:23.84 mem.bash 1783608 root 20 0 479784 34944 0 R 0.0 16.0 0:00.00 mem.bash
Thu Dec 23 14:26:59 MSK 2021 1124172 root 20 0 479784 37292 2324 S 18.8 17.1 5:20.73 mem2.bash 1783662 root 20 0 479784 34972 0 R 0.0 16.0 0:00.00 mem2.bash
Thu Dec 23 14:26:59 MSK 2021 Mib Mem: 213.3 total 8.2 free 157.2 used 47.9 buff/cache
Thu Dec 23 14:26:59 MSK 2021 Mib Swap: 820.0 total 297.2 free 522.8 used 44.4 avail mem
Thu Dec 23 14:27:00 MSK 2021 1124171 1124172 1 2 3

Thu Dec 23 14:28:00 MSK 2021 1124171 root 20 0 485328 38528 2304 S 17.6 17.6 5:36.32 mem.bash 1798004 root 20 0 485328 36224 0 R 0.0 16.6 0:00.00 mem.bash
Thu Dec 23 14:28:00 MSK 2021 1124172 root 20 0 485328 38572 2324 S 17.6 17.7 5:33.23 mem2.bash 1798056 root 20 0 485328 36248 0 R 0.0 16.6 0:00.00 mem2.bash
Thu Dec 23 14:28:00 MSK 2021 Mib Mem: 213.3 total 8.2 free 159.3 used 45.8 buff/cache
Thu Dec 23 14:28:00 MSK 2021 Mib Swap: 820.0 total 288.7 free 531.3 used 41.8 avail mem
Thu Dec 23 14:28:01 MSK 2021 1124171 1124172 1 2 3

Thu Dec 23 14:29:01 MSK 2021 1124171 root 20 0 490872 38016 2304 R 11.1 17.4 5:48.90 mem.bash
Thu Dec 23 14:29:01 MSK 2021 1124172 root 20 0 490872 38060 2324 S 26.7 17.4 5:45.77 mem2.bash 1812113 root 20 0 490872 35740 0 R 0.0 16.4 0:00.00 mem2.bash
Thu Dec 23 14:29:01 MSK 2021 Mib Mem: 213.3 total 6.8 free 157.8 used 48.8 buff/cache
Thu Dec 23 14:29:01 MSK 2021 Mib Swap: 820.0 total 276.8 free 543.2 used 47.9 avail mem
Thu Dec 23 14:29:02 MSK 2021 1124171 1124172 1 2 3

Thu Dec 23 14:30:02 MSK 2021 1124171 root 20 0 496152 37360 2300 R 15.0 17.1 6:01.50 mem.bash
Thu Dec 23 14:30:02 MSK 2021 1124172 root 20 0 496152 36204 2324 R 18.8 16.6 5:58.34 mem2.bash
Thu Dec 23 14:30:03 MSK 2021 Mib Mem: 213.3 total 9.8 free 154.9 used 48.6 buff/cache
Thu Dec 23 14:30:03 MSK 2021 Mib Swap: 820.0 total 262.7 free 557.3 used 51.3 avail mem
Thu Dec 23 14:30:03 MSK 2021 1124171 1124172 1 2 3

Thu Dec 23 14:31:03 MSK 2021 1124171 root 20 0 501432 35860 2300 S 14.3 16.4 6:14.13 mem.bash 1839221 root 20 0 501432 33560 0 R 0.0 15.4 0:00.00 mem.bash
Thu Dec 23 14:31:04 MSK 2021 1124172 root 20 0 501432 35916 2324 R 18.8 16.4 6:10.98 mem2.bash
Thu Dec 23 14:31:04 MSK 2021 Mib Mem: 213.3 total 9.2 free 154.0 used 50.1 buff/cache
Thu Dec 23 14:31:04 MSK 2021 Mib Swap: 820.0 total 251.6 free 568.4 used 51.7 avail mem
Thu Dec 23 14:31:04 MSK 2021 1124171 1124172 1 2 3

Thu Dec 23 14:32:04 MSK 2021 1124171 root 20 0 506580 36984 2292 R 18.8 16.9 6:26.80 mem.bash
Thu Dec 23 14:32:05 MSK 2021 1124172 root 20 0 506580 37048 2316 S 25.0 17.0 6:23.62 mem2.bash 1852575 root 20 0 506580 34732 0 R 0.0 15.9 0:00.00 mem2.bash
Thu Dec 23 14:32:05 MSK 2021 Mib Mem: 213.3 total 8.9 free 156.2 used 48.2 buff/cache
Thu Dec 23 14:32:05 MSK 2021 Mib Swap: 820.0 total 244.1 free 575.9 used 42.1 avail mem
Thu Dec 23 14:32:05 MSK 2021 1124171 1124172 1 2 3

Thu Dec 23 14:33:05 MSK 2021 1124171 root 20 0 511596 37940 2288 S 18.8 17.4 6:39.54 mem.bash 1865504 root 20 0 511596 35656 0 R 0.0 16.3 0:00.00 mem.bash
Thu Dec 23 14:33:06 MSK 2021 1124172 root 20 0 511728 38008 2312 S 18.8 17.4 6:36.28 mem2.bash 1865554 root 20 0 511728 35696 0 R 0.0 16.3 0:00.00 mem2.bash
Thu Dec 23 14:33:06 MSK 2021 Mib Mem: 213.3 total 8.0 free 159.1 used 46.2 buff/cache
Thu Dec 23 14:33:06 MSK 2021 Mib Swap: 820.0 total 236.1 free 583.9 used 39.1 avail mem
Thu Dec 23 14:33:06 MSK 2021 1124172 1124171 1 2 3

Thu Dec 23 14:34:06 MSK 2021 1124171 root 20 0 516612 37744 2288 S 23.5 17.3 6:52.26 mem.bash 1878212 root 20 0 516612 35460 0 R 0.0 16.2 0:00.00 mem.bash
Thu Dec 23 14:34:07 MSK 2021 1124172 root 20 0 516612 37804 2312 R 25.0 17.3 6:48.94 mem2.bash
Thu Dec 23 14:34:07 MSK 2021 Mib Mem: 213.3 total 9.1 free 158.0 used 46.1 buff/cache
Thu Dec 23 14:34:07 MSK 2021 Mib Swap: 820.0 total 225.9 free 594.1 used 43.1 avail mem
Thu Dec 23 14:34:07 MSK 2021 1124171 1124172 1 2 3

Thu Dec 23 14:35:07 MSK 2021 1124171 root 20 0 521628 35872 2288 R 21.1 16.4 7:05.06 mem.bash
Thu Dec 23 14:35:08 MSK 2021 1124172 root 20 0 521628 35936 2312 S 26.7 16.5 7:01.70 mem2.bash 1891062 root 20 0 521628 33624 0 R 0.0 15.4 0:00.00 mem2.bash
Thu Dec 23 14:35:08 MSK 2021 Mib Mem: 213.3 total 7.7 free 154.7 used 50.9 buff/cache
Thu Dec 23 14:35:08 MSK 2021 Mib Swap: 820.0 total 212.5 free 607.5 used 47.5 avail mem
Thu Dec 23 14:35:08 MSK 2021 1124171 1124172 1 2 3

Thu Dec 23 14:36:09 MSK 2021 1124171 root 20 0 526512 35488 2316 S 17.4 16.2 7:17.89 mem.bash 1903678 root 20 0 526512 33172 0 R 0.0 15.2 0:00.00 mem.bash
Thu Dec 23 14:36:09 MSK 2021 1124172 root 20 0 526512 35556 2344 S 20.0 16.3 7:14.45 mem2.bash 1903726 root 20 0 526512 33212 0 R 0.0 15.2 0:00.00 mem2.bash
Thu Dec 23 14:36:09 MSK 2021 Mib Mem: 213.3 total 8.6 free 153.5 used 51.1 buff/cache
Thu Dec 23 14:36:09 MSK 2021 Mib Swap: 820.0 total 201.9 free 618.1 used 47.6 avail mem
Thu Dec 23 14:36:10 MSK 2021 1124171 1124172 1 2 3

Thu Dec 23 14:37:10 MSK 2021 1124171 root 20 0 531396 38188 2308 S 16.7 17.5 7:30.78 mem.bash 1916325 root 20 0 531396 35880 0 R 0.0 16.4 0:00.00 mem.bash
Thu Dec 23 14:37:10 MSK 2021 1124172 root 20 0 531528 38140 2336 S 20.0 17.5 7:27.36 mem2.bash 1916377 root 20 0 531528 35804 0 R 0.0 16.4 0:00.00 mem2.bash
Thu Dec 23 14:37:10 MSK 2021 Mib Mem: 213.3 total 7.1 free 159.0 used 47.2 buff/cache
Thu Dec 23 14:37:10 MSK 2021 Mib Swap: 820.0 total 197.7 free 622.3 used 42.1 avail mem
Thu Dec 23 14:37:11 MSK 2021 1124171 1124172 1 2 3

Thu Dec 23 14:38:11 MSK 2021 1124171 root 20 0 536280 39788 2308 S 26.7 18.2 7:43.70 mem.bash 1928728 root 20 0 536280 37480 0 R 0.0 17.2 0:00.00 mem.bash
Thu Dec 23 14:38:11 MSK 2021 1124172 root 20 0 536280 40372 2336 S 25.0 18.5 7:40.29 mem2.bash 1928774 root 20 0 536280 38040 0 R 0.0 17.4 0:00.00 mem2.bash
Thu Dec 23 14:38:11 MSK 2021 Mib Mem: 213.3 total 8.5 free 161.6 used 43.2 buff/cache
Thu Dec 23 14:38:11 MSK 2021 Mib Swap: 820.0 total 191.7 free 628.2 used 36.1 avail mem
Thu Dec 23 14:38:12 MSK 2021 1124172 1124171 1 2 3

Thu Dec 23 14:39:12 MSK 2021 1124171 root 20 0 541032 38056 2300 R 16.7 17.4 7:56.62 mem.bash
Thu Dec 23 14:39:12 MSK 2021 1124172 root 20 0 541032 36812 2324 S 18.8 16.9 7:53.22 mem2.bash 1940996 root 20 0 541032 34488 0 R 0.0 15.8 0:00.00 mem2.bash
Thu Dec 23 14:39:12 MSK 2021 Mib Mem: 213.3 total 9.4 free 155.8 used 48.1 buff/cache
Thu Dec 23 14:39:13 MSK 2021 Mib Swap: 820.0 total 175.8 free 644.2 used 46.0 avail mem
Thu Dec 23 14:39:13 MSK 2021 1124171 1124172 68141 1 2

Thu Dec 23 14:40:13 MSK 2021 1124171 root 20 0 545784 35992 2296 R 20.0 16.5 8:09.59 mem.bash
Thu Dec 23 14:40:13 MSK 2021 1124172 root 20 0 545784 36584 2324 R 18.8 16.7 8:06.19 mem2.bash
Thu Dec 23 14:40:14 MSK 2021 Mib Mem: 213.3 total 10.2 free 155.3 used 47.8 buff/cache
Thu Dec 23 14:40:14 MSK 2021 Mib Swap: 820.0 total 166.0 free 654.0 used 46.5 avail mem
Thu Dec 23 14:40:14 MSK 2021 1124171 1124172 1 2 3

Thu Dec 23 14:41:14 MSK 2021 1124171 root 20 0 550404 38248 2296 S 13.6 17.5 8:22.50 mem.bash 1964925 root 20 0 550404 35952 0 R 0.0 16.5 0:00.00 mem.bash
Thu Dec 23 14:41:14 MSK 2021 1124172 root 20 0 550404 36496 2324 S 17.6 16.7 8:19.14 mem2.bash 1964967 root 20 0 550404 34172 0 R 0.0 15.6 0:00.00 mem2.bash
Thu Dec 23 14:41:15 MSK 2021 Mib Mem: 213.3 total 12.7 free 155.9 used 44.7 buff/cache
Thu Dec 23 14:41:15 MSK 2021 Mib Swap: 820.0 total 156.8 free 663.2 used 43.5 avail mem
Thu Dec 23 14:41:15 MSK 2021 1124171 1124172 1 2 3

Thu Dec 23 14:42:15 MSK 2021 1124171 root 20 0 554892 39208 2296 S 18.8 17.9 8:35.45 mem.bash 1976580 root 20 0 554892 36912 0 R 0.0 16.9 0:00.00 mem.bash
Thu Dec 23 14:42:16 MSK 2021 1124172 root 20 0 554892 39772 2324 S 20.0 18.2 8:32.14 mem2.bash 1976624 root 20 0 554892 37452 0 R 0.0 17.1 0:00.00 mem2.bash
Thu Dec 23 14:42:16 MSK 2021 Mib Mem: 213.3 total 9.0 free 160.9 used 43.4 buff/cache
Thu Dec 23 14:42:16 MSK 2021 Mib Swap: 820.0 total 154.3 free 665.7 used 36.9 avail mem
Thu Dec 23 14:42:16 MSK 2021 1124172 1124171 1 2 3

Thu Dec 23 14:43:16 MSK 2021 1124171 root 20 0 559380 39636 2292 R 18.8 18.1 8:48.43 mem.bash
Thu Dec 23 14:43:17 MSK 2021 1124172 root 20 0 559380 40192 2312 S 18.8 18.4 8:45.11 mem2.bash 1988140 root 20 0 559380 37884 0 R 0.0 17.3 0:00.00 mem2.bash
Thu Dec 23 14:43:17 MSK 2021 Mib Mem: 213.3 total 8.6 free 162.6 used 42.1 buff/cache
Thu Dec 23 14:43:17 MSK 2021 Mib Swap: 820.0 total 146.4 free 673.6 used 34.6 avail mem
Thu Dec 23 14:43:17 MSK 2021 1124171 1124172 1 2 3

Thu Dec 23 14:44:17 MSK 2021 1124171 root 20 0 563868 41252 2292 R 18.8 18.9 9:01.53 mem.bash
Thu Dec 23 14:44:18 MSK 2021 1124172 root 20 0 564000 41292 2312 S 25.0 18.9 8:58.27 mem2.bash 1999730 root 20 0 564000 38980 0 R 0.0 17.8 0:00.00 mem2.bash
Thu Dec 23 14:44:18 MSK 2021 Mib Mem: 213.3 total 7.5 free 164.3 used 41.5 buff/cache
Thu Dec 23 14:44:18 MSK 2021 Mib Swap: 820.0 total 140.2 free 679.8 used 41.5 avail mem
Thu Dec 23 14:44:18 MSK 2021 1124171 1124172 1 2 3

Thu Dec 23 14:45:19 MSK 2021 1124171 root 20 0 568356 42380 2292 S 18.8 19.4 9:14.61 mem.bash 2010982 root 20 0 568356 40092 0 R 0.0 18.4 0:00.00 mem.bash
Thu Dec 23 14:45:19 MSK 2021 1124172 root 20 0 568356 40336 2304 S 16.7 18.5 9:11.32 mem2.bash 2011024 root 20 0 568356 38032 0 R 0.0 17.4 0:00.00 mem2.bash
Thu Dec 23 14:45:19 MSK 2021 Mib Mem: 213.3 total 7.8 free 163.1 used 42.5 buff/cache
Thu Dec 23 14:45:19 MSK 2021 Mib Swap: 820.0 total 129.8 free 690.2 used 38.1 avail mem
Thu Dec 23 14:45:19 MSK 2021 1124172 1124171 1 2 3

Thu Dec 23 14:46:20 MSK 2021 1124171 root 20 0 572712 37868 1932 S 16.0 17.3 9:27.80 mem.bash 2022246 root 20 0 572712 35936 0 R 0.0 16.5 0:00.00 mem.bash
Thu Dec 23 14:46:20 MSK 2021 1124172 root 20 0 572712 37908 1952 S 18.8 17.4 9:24.51 mem2.bash 2022298 root 20 0 572712 35956 0 R 0.0 16.5 0:00.00 mem2.bash
Thu Dec 23 14:46:20 MSK 2021 Mib Mem: 213.3 total 5.4 free 159.4 used 48.6 buff/cache
Thu Dec 23 14:46:21 MSK 2021 Mib Swap: 820.0 total 117.1 free 702.9 used 47.0 avail mem
Thu Dec 23 14:46:21 MSK 2021 1124171 1124172 1 2 3

Thu Dec 23 14:47:21 MSK 2021 1124171 root 20 0 577068 37716 1932 S 18.8 17.3 9:40.85 mem.bash 2033556 root 20 0 577068 35784 0 R 0.0 16.4 0:00.00 mem.bash
Thu Dec 23 14:47:21 MSK 2021 1124172 root 20 0 577200 37752 1952 S 18.8 17.3 9:37.55 mem2.bash 2033602 root 20 0 577200 35800 0 R 0.0 16.4 0:00.00 mem2.bash
Thu Dec 23 14:47:22 MSK 2021 Mib Mem: 213.3 total 9.2 free 158.6 used 45.5 buff/cache
Thu Dec 23 14:47:22 MSK 2021 Mib Swap: 820.0 total 108.0 free 712.0 used 43.2 avail mem
Thu Dec 23 14:47:22 MSK 2021 1124171 1124172 1 2 3

Thu Dec 23 14:48:22 MSK 2021 1124171 root 20 0 581556 37932 1932 S 17.6 17.4 9:54.14 mem.bash 2045004 root 20 0 581556 36004 0 R 0.0 16.5 0:00.00 mem.bash
Thu Dec 23 14:48:22 MSK 2021 1124172 root 20 0 581556 37972 1952 S 18.8 17.4 9:50.77 mem2.bash 2045052 root 20 0 581556 36024 0 R 0.0 16.5 0:00.00 mem2.bash
Thu Dec 23 14:48:23 MSK 2021 Mib Mem: 213.3 total 10.9 free 158.3 used 44.1 buff/cache
Thu Dec 23 14:48:23 MSK 2021 Mib Swap: 820.0 total 99.7 free 720.3 used 36.6 avail mem
Thu Dec 23 14:48:23 MSK 2021 1124171 1124172 1 2 3

Thu Dec 23 14:49:23 MSK 2021 1124171 root 20 0 586044 38388 1932 S 16.7 17.6 10:07.45 mem.bash 2056306 root 20 0 586044 36460 0 R 0.0 16.7 0:00.00 mem.bash
Thu Dec 23 14:49:24 MSK 2021 1124172 root 20 0 586044 38424 1952 R 18.8 17.6 10:03.98 mem2.bash
Thu Dec 23 14:49:24 MSK 2021 Mib Mem: 213.3 total 10.7 free 159.9 used 42.7 buff/cache
Thu Dec 23 14:49:24 MSK 2021 Mib Swap: 820.0 total 91.9 free 728.1 used 41.3 avail mem
Thu Dec 23 14:49:24 MSK 2021 1124171 1124172 1 2 3

Thu Dec 23 14:50:24 MSK 2021 1124171 root 20 0 590268 40396 1932 R 18.8 18.5 10:20.66 mem.bash
Thu Dec 23 14:50:25 MSK 2021 1124172 root 20 0 590268 40436 1952 S 25.0 18.5 10:17.18 mem2.bash 2067395 root 20 0 590268 38484 0 R 0.0 17.6 0:00.00 mem2.bash
Thu Dec 23 14:50:25 MSK 2021 Mib Mem: 213.3 total 7.6 free 164.0 used 41.7 buff/cache
Thu Dec 23 14:50:25 MSK 2021 Mib Swap: 820.0 total 87.4 free 732.6 used 42.5 avail mem
Thu Dec 23 14:50:25 MSK 2021 1124171 1124172 1 2 3

Thu Dec 23 14:51:25 MSK 2021 1124171 root 20 0 594624 40348 1932 S 13.6 18.5 10:33.98 mem.bash 2078431 root 20 0 594624 38416 0 R 0.0 17.6 0:00.00 mem.bash
Thu Dec 23 14:51:26 MSK 2021 1124172 root 20 0 594624 40396 1952 S 18.8 18.5 10:30.45 mem2.bash 2078475 root 20 0 594624 38444 0 R 0.0 17.6 0:00.00 mem2.bash
Thu Dec 23 14:51:26 MSK 2021 Mib Mem: 213.3 total 6.3 free 164.6 used 42.4 buff/cache
Thu Dec 23 14:51:26 MSK 2021 Mib Swap: 820.0 total 79.0 free 741.0 used 41.8 avail mem
Thu Dec 23 14:51:26 MSK 2021 1124171 1124172 1 2 3

Thu Dec 23 14:52:27 MSK 2021 1124171 root 20 0 598848 39252 1932 S 18.8 18.0 10:47.33 mem.bash 2089436 root 20 0 598848 37320 0 R 0.0 17.1 0:00.00 mem.bash
Thu Dec 23 14:52:27 MSK 2021 1124172 root 20 0 598980 38016 1952 S 20.0 17.4 10:43.79 mem2.bash 2089478 root 20 0 598980 36064 0 R 0.0 16.5 0:00.00 mem2.bash
Thu Dec 23 14:52:27 MSK 2021 Mib Mem: 213.3 total 11.9 free 158.7 used 42.8 buff/cache
Thu Dec 23 14:52:27 MSK 2021 Mib Swap: 820.0 total 65.8 free 754.2 used 43.1 avail mem
Thu Dec 23 14:52:28 MSK 2021 1124171 1124172 1 2 3

Thu Dec 23 14:53:28 MSK 2021 1124171 root 20 0 603204 39912 1932 S 25.0 18.3 11:00.71 mem.bash 2100353 root 20 0 603204 37980 0 R 0.0 17.4 0:00.00 mem.bash
Thu Dec 23 14:53:28 MSK 2021 1124172 root 20 0 603204 39948 1952 S 20.0 18.3 10:57.15 mem2.bash 2100395 root 20 0 603204 37996 0 R 0.0 17.4 0:00.00 mem2.bash
Thu Dec 23 14:53:28 MSK 2021 Mib Mem: 213.3 total 6.8 free 163.0 used 43.6 buff/cache
Thu Dec 23 14:53:28 MSK 2021 Mib Swap: 820.0 total 61.3 free 758.7 used 39.6 avail mem
Thu Dec 23 14:53:29 MSK 2021 1124171 1124172 1 2 3

Thu Dec 23 14:54:29 MSK 2021 1124171 root 20 0 607296 40064 1932 S 17.6 18.3 11:14.10 mem.bash 2111073 root 20 0 607296 38132 0 R 0.0 17.5 0:00.00 mem.bash
Thu Dec 23 14:54:29 MSK 2021 1124172 root 20 0 607296 40100 1952 S 20.0 18.4 11:10.51 mem2.bash 2111121 root 20 0 607296 38148 0 R 0.0 17.5 0:00.00 mem2.bash
Thu Dec 23 14:54:29 MSK 2021 Mib Mem: 213.3 total 7.5 free 163.7 used 42.2 buff/cache
Thu Dec 23 14:54:30 MSK 2021 Mib Swap: 820.0 total 53.3 free 766.7 used 35.2 avail mem
Thu Dec 23 14:54:30 MSK 2021 1124171 1124172 1 2 3

Thu Dec 23 14:55:30 MSK 2021 1124171 root 20 0 611520 39324 1932 S 13.6 18.0 11:27.55 mem.bash 2121792 root 20 0 611520 37396 0 R 0.0 17.1 0:00.00 mem.bash
Thu Dec 23 14:55:31 MSK 2021 1124172 root 20 0 611520 36544 1952 R 17.6 16.7 11:23.93 mem2.bash
Thu Dec 23 14:55:31 MSK 2021 Mib Mem: 213.3 total 9.6 free 155.5 used 48.2 buff/cache
Thu Dec 23 14:55:31 MSK 2021 Mib Swap: 820.0 total 37.9 free 782.0 used 46.4 avail mem
Thu Dec 23 14:55:31 MSK 2021 1124171 1124172 1 2 3

Thu Dec 23 14:56:31 MSK 2021 1124171 root 20 0 615744 38404 1952 R 16.7 17.6 11:41.04 mem.bash
Thu Dec 23 14:56:32 MSK 2021 1124172 root 20 0 615744 38256 1972 R 31.2 17.5 11:37.39 mem2.bash
Thu Dec 23 14:56:32 MSK 2021 Mib Mem: 213.3 total 13.4 free 154.4 used 45.5 buff/cache
Thu Dec 23 14:56:32 MSK 2021 Mib Swap: 820.0 total 27.3 free 792.7 used 46.7 avail mem
Thu Dec 23 14:56:32 MSK 2021 1124171 1124172 1 2 3

Thu Dec 23 14:57:33 MSK 2021 1124171 root 20 0 619968 38032 1952 S 18.8 17.4 11:54.50 mem.bash 2143379 root 20 0 619968 36080 0 R 0.0 16.5 0:00.00 mem.bash
Thu Dec 23 14:57:33 MSK 2021 1124172 root 20 0 619968 38060 1972 S 20.0 17.4 11:50.82 mem2.bash 2143423 root 20 0 619968 36088 0 R 0.0 16.5 0:00.00 mem2.bash
Thu Dec 23 14:57:33 MSK 2021 Mib Mem: 213.3 total 9.8 free 158.5 used 45.0 buff/cache
Thu Dec 23 14:57:33 MSK 2021 Mib Swap: 820.0 total 24.5 free 795.5 used 43.3 avail mem
Thu Dec 23 14:57:33 MSK 2021 1124171 1124172 1 2 3

Thu Dec 23 14:58:34 MSK 2021 1124171 root 20 0 624060 39316 1952 S 25.0 18.0 12:07.99 mem.bash 2153914 root 20 0 624060 37364 0 R 0.0 17.1 0:00.00 mem.bash
Thu Dec 23 14:58:34 MSK 2021 1124172 root 20 0 624060 39340 1972 S 25.0 18.0 12:04.22 mem2.bash 2153956 root 20 0 624060 37372 0 R 0.0 17.1 0:00.00 mem2.bash
Thu Dec 23 14:58:34 MSK 2021 Mib Mem: 213.3 total 9.0 free 160.5 used 43.8 buff/cache
Thu Dec 23 14:58:34 MSK 2021 Mib Swap: 820.0 total 18.9 free 801.1 used 40.6 avail mem
Thu Dec 23 14:58:35 MSK 2021 1124171 1124172 1 2 3

Thu Dec 23 14:59:35 MSK 2021 1124171 root 20 0 628020 38384 1952 S 18.8 17.6 12:21.46 mem.bash 2164273 root 20 0 628020 36432 0 R 0.0 16.7 0:00.00 mem.bash
Thu Dec 23 14:59:35 MSK 2021 1124172 root 20 0 628020 38408 1972 R 18.8 17.6 12:17.68 mem2.bash
Thu Dec 23 14:59:35 MSK 2021 Mib Mem: 213.3 total 10.4 free 159.2 used 43.7 buff/cache
Thu Dec 23 14:59:35 MSK 2021 Mib Swap: 820.0 total 9.0 free 811.0 used 45.8 avail mem
Thu Dec 23 14:59:36 MSK 2021 1124171 1124172 1 2 3

Thu Dec 23 15:00:36 MSK 2021 1124171 root 20 0 632112 39124 1952 R 33.3 17.9 12:34.99 mem.bash
Thu Dec 23 15:00:36 MSK 2021 1124172 root 20 0 632112 39148 1972 R 17.6 17.9 12:31.15 mem2.bash
Thu Dec 23 15:00:36 MSK 2021 Mib Mem: 213.3 total 9.2 free 161.8 used 42.3 buff/cache
Thu Dec 23 15:00:36 MSK 2021 Mib Swap: 820.0 total 2.6 free 817.4 used 40.1 avail mem
Thu Dec 23 15:00:37 MSK 2021 1124171 1124172 1 2 3

Thu Dec 23 15:01:37 MSK 2021 1124171 root 20 0 636072 40684 1468 R 11.1 18.6 12:48.57 mem.bash
Thu Dec 23 15:01:38 MSK 2021 1124172 root 20 0 636204 40720 1488 R 15.8 18.6 12:44.75 mem2.bash
Thu Dec 23 15:01:38 MSK 2021 Mib Mem: 213.3 total 5.1 free 166.3 used 41.8 buff/cache
Thu Dec 23 15:01:38 MSK 2021 Mib Swap: 820.0 total 0.0 free 820.0 used 36.0 avail mem
Thu Dec 23 15:01:39 MSK 2021 1124172 1124171 1 2 3

Thu Dec 23 15:02:39 MSK 2021 1124171 root 20 0 640164 44100 876 S 11.1 20.2 13:02.37 mem.bash
Thu Dec 23 15:02:40 MSK 2021 1124172 root 20 0 640164 44392 1160 S 7.4 20.3 12:58.53 mem2.bash 2195367 root 20 0 640164 43232 0 R 0.0 19.8 0:00.00 mem2.bash
Thu Dec 23 15:02:41 MSK 2021 Mib Mem: 213.3 total 5.8 free 174.2 used 33.3 buff/cache
Thu Dec 23 15:02:42 MSK 2021 Mib Swap: 820.0 total 0.0 free 820.0 used 32.2 avail mem
Thu Dec 23 15:02:43 MSK 2021 1124171 1124172 2195556 1 2

Thu Dec 23 15:03:44 MSK 2021
Thu Dec 23 15:03:44 MSK 2021 1124172 root 20 0 644520 48340 796 S 43.8 22.1 13:13.97 mem2.bash 2204747 root 20 0 644520 47548 0 R 0.0 21.8 0:00.00 mem2.bash
Thu Dec 23 15:03:44 MSK 2021 Mib Mem: 213.3 total 19.9 free 133.1 used 60.4 buff/cache
Thu Dec 23 15:03:44 MSK 2021 Mib Swap: 820.0 total 366.1 free 453.9 used 67.6 avail mem
Thu Dec 23 15:03:45 MSK 2021 1124172 1 2 3 4

Thu Dec 23 15:04:45 MSK 2021
Thu Dec 23 15:04:45 MSK 2021 1124172 root 20 0 652176 55988 796 R 43.8 25.6 13:41.47 mem2.bash
Thu Dec 23 15:04:45 MSK 2021 Mib Mem: 213.3 total 11.0 free 141.4 used 60.9 buff/cache
Thu Dec 23 15:04:45 MSK 2021 Mib Swap: 820.0 total 366.1 free 453.9 used 60.1 avail mem
Thu Dec 23 15:04:46 MSK 2021 1124172 1 2 3 4

Thu Dec 23 15:05:46 MSK 2021
Thu Dec 23 15:05:46 MSK 2021 1124172 root 20 0 659700 51308 740 R 40.0 23.5 14:08.99 mem2.bash
Thu Dec 23 15:05:46 MSK 2021 Mib Mem: 213.3 total 9.6 free 145.2 used 58.5 buff/cache
Thu Dec 23 15:05:46 MSK 2021 Mib Swap: 820.0 total 355.7 free 464.3 used 55.4 avail mem
Thu Dec 23 15:05:47 MSK 2021 1124172 1 2 3 4

Thu Dec 23 15:06:47 MSK 2021
Thu Dec 23 15:06:47 MSK 2021 1124172 root 20 0 667224 55972 740 R 43.8 25.6 14:36.64 mem2.bash
Thu Dec 23 15:06:47 MSK 2021 Mib Mem: 213.3 total 10.7 free 145.2 used 57.4 buff/cache
Thu Dec 23 15:06:47 MSK 2021 Mib Swap: 820.0 total 353.0 free 467.0 used 53.3 avail mem
Thu Dec 23 15:06:48 MSK 2021 1124172 1 2 3 4

Thu Dec 23 15:07:48 MSK 2021
Thu Dec 23 15:07:48 MSK 2021 1124172 root 20 0 674484 57412 740 S 50.0 26.3 15:04.30 mem2.bash 2243351 root 20 0 674484 56672 0 R 0.0 25.9 0:00.00 mem2.bash
Thu Dec 23 15:07:48 MSK 2021 Mib Mem: 213.3 total 9.2 free 149.1 used 55.0 buff/cache
Thu Dec 23 15:07:48 MSK 2021 Mib Swap: 820.0 total 347.1 free 472.9 used 48.3 avail mem
Thu Dec 23 15:07:49 MSK 2021 1124172 1 2 3 4

Thu Dec 23 15:08:49 MSK 2021
Thu Dec 23 15:08:49 MSK 2021 1124172 root 20 0 681744 56640 740 R 43.8 25.9 15:31.95 mem2.bash
Thu Dec 23 15:08:49 MSK 2021 Mib Mem: 213.3 total 10.3 free 151.7 used 51.4 buff/cache
Thu Dec 23 15:08:50 MSK 2021 Mib Swap: 820.0 total 339.3 free 480.7 used 50.6 avail mem
Thu Dec 23 15:08:50 MSK 2021 1124172 1 2 3 4

Thu Dec 23 15:09:50 MSK 2021
Thu Dec 23 15:09:50 MSK 2021 1124172 root 20 0 688872 55916 740 S 37.5 25.6 15:59.64 mem2.bash 2261820 root 20 0 688872 55176 0 R 0.0 25.3 0:00.00 mem2.bash
Thu Dec 23 15:09:50 MSK 2021 Mib Mem: 213.3 total 10.0 free 153.7 used 49.6 buff/cache
Thu Dec 23 15:09:51 MSK 2021 Mib Swap: 820.0 total 331.6 free 488.4 used 47.7 avail mem
Thu Dec 23 15:09:51 MSK 2021 1124172 1 2 3 4

Thu Dec 23 15:10:51 MSK 2021
Thu Dec 23 15:10:51 MSK 2021 1124172 root 20 0 696000 56912 1088 S 50.0 26.1 16:27.32 mem2.bash 2270921 root 20 0 696000 55824 0 R 0.0 25.6 0:00.00 mem2.bash
Thu Dec 23 15:10:51 MSK 2021 Mib Mem: 213.3 total 6.7 free 158.3 used 48.3 buff/cache
Thu Dec 23 15:10:51 MSK 2021 Mib Swap: 820.0 total 325.4 free 494.6 used 43.2 avail mem
Thu Dec 23 15:10:52 MSK 2021 1124172 1 2 3 4

Thu Dec 23 15:11:52 MSK 2021
Thu Dec 23 15:11:53 MSK 2021 1124172 root 20 0 703128 49400 1088 R 37.5 22.6 16:55.15 mem2.bash
Thu Dec 23 15:11:53 MSK 2021 Mib Mem: 213.3 total 7.3 free 151.1 used 54.9 buff/cache
Thu Dec 23 15:11:53 MSK 2021 Mib Swap: 820.0 total 310.7 free 509.3 used 49.5 avail mem
Thu Dec 23 15:11:53 MSK 2021 1124172 10 1 2 3

Thu Dec 23 15:12:53 MSK 2021
Thu Dec 23 15:12:54 MSK 2021 1124172 root 20 0 710256 54032 1088 R 40.0 24.7 17:23.09 mem2.bash
Thu Dec 23 15:12:54 MSK 2021 Mib Mem: 213.3 total 11.6 free 152.6 used 49.2 buff/cache
Thu Dec 23 15:12:54 MSK 2021 Mib Swap: 820.0 total 308.3 free 511.7 used 46.0 avail mem
Thu Dec 23 15:12:54 MSK 2021 1124172 1 2 3 4

Thu Dec 23 15:13:54 MSK 2021
Thu Dec 23 15:13:55 MSK 2021 1124172 root 20 0 717120 60940 1088 R 46.7 27.9 17:50.98 mem2.bash
Thu Dec 23 15:13:55 MSK 2021 Mib Mem: 213.3 total 9.4 free 155.4 used 48.5 buff/cache
Thu Dec 23 15:13:55 MSK 2021 Mib Swap: 820.0 total 308.3 free 511.7 used 46.1 avail mem
Thu Dec 23 15:13:55 MSK 2021 1124172 1 2 3 4

Thu Dec 23 15:14:55 MSK 2021
Thu Dec 23 15:14:56 MSK 2021 1124172 root 20 0 723852 67600 1088 R 43.8 30.9 18:18.77 mem2.bash
Thu Dec 23 15:14:56 MSK 2021 Mib Mem: 213.3 total 9.6 free 157.2 used 46.5 buff/cache
Thu Dec 23 15:14:56 MSK 2021 Mib Swap: 820.0 total 308.3 free 511.7 used 39.3 avail mem
Thu Dec 23 15:14:56 MSK 2021 1124172 1 2 3 4

Thu Dec 23 15:15:56 MSK 2021
Thu Dec 23 15:15:57 MSK 2021 1124172 root 20 0 730320 69716 1088 R 35.3 31.9 18:46.53 mem2.bash
Thu Dec 23 15:15:57 MSK 2021 Mib Mem: 213.3 total 10.5 free 157.9 used 44.9 buff/cache
Thu Dec 23 15:15:57 MSK 2021 Mib Swap: 820.0 total 303.9 free 516.1 used 42.7 avail mem
Thu Dec 23 15:15:57 MSK 2021 1124172 11 1 2 3

Thu Dec 23 15:16:57 MSK 2021
Thu Dec 23 15:16:58 MSK 2021 1124172 root 20 0 736656 73040 1088 S 41.2 33.4 19:14.35 mem2.bash 2323151 root 20 0 736656 71952 0 R 0.0 32.9 0:00.00 mem2.bash
Thu Dec 23 15:16:58 MSK 2021 Mib Mem: 213.3 total 6.6 free 161.9 used 44.8 buff/cache
Thu Dec 23 15:16:58 MSK 2021 Mib Swap: 820.0 total 300.9 free 519.1 used 39.7 avail mem
Thu Dec 23 15:16:58 MSK 2021 1124172 1 2 3 4

Thu Dec 23 15:17:58 MSK 2021
Thu Dec 23 15:17:59 MSK 2021 1124172 root 20 0 742992 64772 1088 R 37.5 29.7 19:42.13 mem2.bash
Thu Dec 23 15:17:59 MSK 2021 Mib Mem: 213.3 total 7.1 free 161.3 used 44.9 buff/cache
Thu Dec 23 15:17:59 MSK 2021 Mib Swap: 820.0 total 286.3 free 533.7 used 44.3 avail mem
Thu Dec 23 15:17:59 MSK 2021 1124172 1 2 3 4

Thu Dec 23 15:18:59 MSK 2021
Thu Dec 23 15:19:00 MSK 2021 1124172 root 20 0 749328 60944 1088 S 35.3 27.9 20:10.06 mem2.bash 2339471 root 20 0 749328 59856 0 R 0.0 27.4 0:00.00 mem2.bash
Thu Dec 23 15:19:00 MSK 2021 Mib Mem: 213.3 total 9.3 free 159.4 used 44.7 buff/cache
Thu Dec 23 15:19:00 MSK 2021 Mib Swap: 820.0 total 276.3 free 543.7 used 46.2 avail mem
Thu Dec 23 15:19:00 MSK 2021 1124172 1 2 3 4

Thu Dec 23 15:20:01 MSK 2021
Thu Dec 23 15:20:01 MSK 2021 1124172 root 20 0 755664 57304 1088 R 37.5 26.2 20:37.99 mem2.bash
Thu Dec 23 15:20:01 MSK 2021 Mib Mem: 213.3 total 8.8 free 161.0 used 43.5 buff/cache
Thu Dec 23 15:20:01 MSK 2021 Mib Swap: 820.0 total 266.6 free 553.4 used 44.6 avail mem
Thu Dec 23 15:20:01 MSK 2021 1124172 1 2 3 4

Thu Dec 23 15:21:02 MSK 2021
Thu Dec 23 15:21:02 MSK 2021 1124172 root 20 0 761868 62268 1088 R 46.7 28.5 21:05.89 mem2.bash
Thu Dec 23 15:21:02 MSK 2021 Mib Mem: 213.3 total 10.0 free 162.0 used 41.3 buff/cache
Thu Dec 23 15:21:02 MSK 2021 Mib Swap: 820.0 total 265.1 free 554.9 used 39.6 avail mem
Thu Dec 23 15:21:02 MSK 2021 1124172 1 2 3 4

Thu Dec 23 15:22:03 MSK 2021
Thu Dec 23 15:22:03 MSK 2021 1124172 root 20 0 768072 64360 1088 S 46.7 29.5 21:33.96 mem2.bash 2363517 root 20 0 768072 63272 0 R 0.0 29.0 0:00.00 mem2.bash
Thu Dec 23 15:22:03 MSK 2021 Mib Mem: 213.3 total 7.4 free 163.1 used 42.9 buff/cache
Thu Dec 23 15:22:03 MSK 2021 Mib Swap: 820.0 total 261.1 free 558.9 used 43.6 avail mem
Thu Dec 23 15:22:04 MSK 2021 1124172 1 2 3 4

Thu Dec 23 15:23:04 MSK 2021
Thu Dec 23 15:23:04 MSK 2021 1124172 root 20 0 774144 60568 1088 S 50.0 27.7 22:01.89 mem2.bash 2371335 root 20 0 774144 59480 0 R 0.0 27.2 0:00.00 mem2.bash
Thu Dec 23 15:23:04 MSK 2021 Mib Mem: 213.3 total 10.0 free 161.8 used 41.5 buff/cache
Thu Dec 23 15:23:04 MSK 2021 Mib Swap: 820.0 total 251.5 free 568.5 used 34.8 avail mem
Thu Dec 23 15:23:05 MSK 2021 1124172 1 2 3 4

Thu Dec 23 15:24:05 MSK 2021
Thu Dec 23 15:24:05 MSK 2021 1124172 root 20 0 780084 60692 1088 R 43.8 27.8 22:29.85 mem2.bash
Thu Dec 23 15:24:05 MSK 2021 Mib Mem: 213.3 total 8.9 free 160.9 used 43.6 buff/cache
Thu Dec 23 15:24:05 MSK 2021 Mib Swap: 820.0 total 245.5 free 574.5 used 37.8 avail mem
Thu Dec 23 15:24:06 MSK 2021 1124172 1 2 3 4

Thu Dec 23 15:25:06 MSK 2021
Thu Dec 23 15:25:06 MSK 2021 1124172 root 20 0 786288 58456 1088 R 41.2 26.8 22:58.09 mem2.bash
Thu Dec 23 15:25:07 MSK 2021 Mib Mem: 213.3 total 9.1 free 161.4 used 42.8 buff/cache
Thu Dec 23 15:25:07 MSK 2021 Mib Swap: 820.0 total 237.5 free 582.5 used 37.2 avail mem
Thu Dec 23 15:25:07 MSK 2021 1124172 1 2 3 4

Thu Dec 23 15:26:07 MSK 2021
Thu Dec 23 15:26:08 MSK 2021 1124172 root 20 0 792096 39572 1088 R 40.0 18.1 23:26.11 mem2.bash
Thu Dec 23 15:26:08 MSK 2021 Mib Mem: 213.3 total 10.2 free 140.1 used 63.1 buff/cache
Thu Dec 23 15:26:08 MSK 2021 Mib Swap: 820.0 total 217.1 free 602.9 used 55.7 avail mem
Thu Dec 23 15:26:08 MSK 2021 1124172 1 2 3 4

Thu Dec 23 15:27:08 MSK 2021
Thu Dec 23 15:27:09 MSK 2021 1124172 root 20 0 798036 43524 1088 S 50.0 19.9 23:54.35 mem2.bash 2401962 root 20 0 798036 42436 0 R 0.0 19.4 0:00.00 mem2.bash
Thu Dec 23 15:27:09 MSK 2021 Mib Mem: 213.3 total 5.6 free 144.6 used 63.1 buff/cache
Thu Dec 23 15:27:09 MSK 2021 Mib Swap: 820.0 total 215.1 free 604.9 used 61.0 avail mem
Thu Dec 23 15:27:09 MSK 2021 1124172 1 2 3 4

Thu Dec 23 15:28:09 MSK 2021
Thu Dec 23 15:28:10 MSK 2021 1124172 root 20 0 803976 42672 1088 R 43.8 19.5 24:22.53 mem2.bash
Thu Dec 23 15:28:10 MSK 2021 Mib Mem: 213.3 total 6.7 free 141.8 used 64.8 buff/cache
Thu Dec 23 15:28:10 MSK 2021 Mib Swap: 820.0 total 206.1 free 613.9 used 66.2 avail mem
Thu Dec 23 15:28:10 MSK 2021 1124172 1 2 3 4

Thu Dec 23 15:29:11 MSK 2021
Thu Dec 23 15:29:11 MSK 2021 1124172 root 20 0 810048 41496 1088 R 41.2 19.0 24:50.83 mem2.bash
Thu Dec 23 15:29:11 MSK 2021 Mib Mem: 213.3 total 8.1 free 138.9 used 66.4 buff/cache
Thu Dec 23 15:29:11 MSK 2021 Mib Swap: 820.0 total 201.3 free 618.7 used 59.8 avail mem
Thu Dec 23 15:29:11 MSK 2021 1124172 1 2 3 4

Thu Dec 23 15:30:12 MSK 2021
Thu Dec 23 15:30:12 MSK 2021 1124172 root 20 0 815592 42864 1088 S 41.2 19.6 25:18.53 mem2.bash 2424551 root 20 0 815592 41776 0 R 0.0 19.1 0:00.00 mem2.bash
Thu Dec 23 15:30:12 MSK 2021 Mib Mem: 213.3 total 11.1 free 141.0 used 61.3 buff/cache
Thu Dec 23 15:30:12 MSK 2021 Mib Swap: 820.0 total 197.1 free 622.9 used 62.9 avail mem
Thu Dec 23 15:30:12 MSK 2021 1124172 1 2 3 4

Thu Dec 23 15:31:13 MSK 2021
Thu Dec 23 15:31:13 MSK 2021 1124172 root 20 0 821268 48600 1088 R 50.0 22.2 25:46.72 mem2.bash
Thu Dec 23 15:31:13 MSK 2021 Mib Mem: 213.3 total 5.4 free 146.6 used 61.3 buff/cache
Thu Dec 23 15:31:13 MSK 2021 Mib Swap: 820.0 total 197.1 free 622.9 used 57.3 avail mem
Thu Dec 23 15:31:13 MSK 2021 1124172 48 1 2 3

Thu Dec 23 15:32:14 MSK 2021
Thu Dec 23 15:32:14 MSK 2021 1124172 root 20 0 826812 46836 1088 S 46.7 21.4 26:14.85 mem2.bash 2438952 root 20 0 826812 45752 0 R 0.0 20.9 0:00.00 mem2.bash
Thu Dec 23 15:32:14 MSK 2021 Mib Mem: 213.3 total 15.7 free 144.6 used 53.0 buff/cache
Thu Dec 23 15:32:14 MSK 2021 Mib Swap: 820.0 total 190.1 free 629.9 used 56.3 avail mem
Thu Dec 23 15:32:15 MSK 2021 1124172 1 2 3 4

Thu Dec 23 15:33:15 MSK 2021
Thu Dec 23 15:33:15 MSK 2021 1124172 root 20 0 832224 52268 1088 S 43.8 23.9 26:42.95 mem2.bash 2445931 root 20 0 832224 51180 0 R 0.0 23.4 0:00.00 mem2.bash
Thu Dec 23 15:33:15 MSK 2021 Mib Mem: 213.3 total 9.5 free 150.7 used 53.1 buff/cache
Thu Dec 23 15:33:15 MSK 2021 Mib Swap: 820.0 total 190.1 free 629.9 used 52.2 avail mem
Thu Dec 23 15:33:16 MSK 2021 1124172 11 1 2 3

Thu Dec 23 15:34:16 MSK 2021
Thu Dec 23 15:34:16 MSK 2021 1124172 root 20 0 837504 55232 1088 S 41.2 25.3 27:11.07 mem2.bash 2452798 root 20 0 837504 54148 0 R 0.0 24.8 0:00.00 mem2.bash
Thu Dec 23 15:34:16 MSK 2021 Mib Mem: 213.3 total 8.1 free 154.2 used 51.1 buff/cache
Thu Dec 23 15:34:16 MSK 2021 Mib Swap: 820.0 total 187.6 free 632.4 used 47.5 avail mem
Thu Dec 23 15:34:17 MSK 2021 1124172 1 2 3 4

Thu Dec 23 15:35:17 MSK 2021
Thu Dec 23 15:35:17 MSK 2021 1124172 root 20 0 842916 55932 1088 R 43.8 25.6 27:39.31 mem2.bash
Thu Dec 23 15:35:17 MSK 2021 Mib Mem: 213.3 total 9.0 free 156.6 used 47.6 buff/cache
Thu Dec 23 15:35:17 MSK 2021 Mib Swap: 820.0 total 182.9 free 637.1 used 39.3 avail mem
Thu Dec 23 15:35:18 MSK 2021 1124172 1 2 3 4

Thu Dec 23 15:36:18 MSK 2021
Thu Dec 23 15:36:18 MSK 2021 1124172 root 20 0 848328 60596 1088 S 41.2 27.7 28:07.52 mem2.bash 2466627 root 20 0 848328 59508 0 R 0.0 27.2 0:00.00 mem2.bash
Thu Dec 23 15:36:18 MSK 2021 Mib Mem: 213.3 total 6.6 free 158.8 used 48.0 buff/cache
Thu Dec 23 15:36:18 MSK 2021 Mib Swap: 820.0 total 182.1 free 637.9 used 46.9 avail mem
Thu Dec 23 15:36:19 MSK 2021 1124172 1 2 3 4

Thu Dec 23 15:37:19 MSK 2021
Thu Dec 23 15:37:19 MSK 2021 1124172 root 20 0 853608 65468 1088 S 46.7 30.0 28:35.80 mem2.bash 2473488 root 20 0 853608 64380 0 R 0.0 29.5 0:00.00 mem2.bash
Thu Dec 23 15:37:19 MSK 2021 Mib Mem: 213.3 total 10.5 free 159.6 used 43.2 buff/cache
Thu Dec 23 15:37:20 MSK 2021 Mib Swap: 820.0 total 181.4 free 638.6 used 42.1 avail mem
Thu Dec 23 15:37:20 MSK 2021 1124172 1 2 3 4

Thu Dec 23 15:38:20 MSK 2021
Thu Dec 23 15:38:20 MSK 2021 1124172 root 20 0 858756 66836 1088 S 43.8 30.6 29:03.92 mem2.bash 2480037 root 20 0 858756 65748 0 R 0.0 30.1 0:00.00 mem2.bash
Thu Dec 23 15:38:20 MSK 2021 Mib Mem: 213.3 total 8.7 free 160.5 used 44.1 buff/cache
Thu Dec 23 15:38:21 MSK 2021 Mib Swap: 820.0 total 177.6 free 642.4 used 45.2 avail mem
Thu Dec 23 15:38:21 MSK 2021 1124172 1 2 3 4

Thu Dec 23 15:39:21 MSK 2021
Thu Dec 23 15:39:21 MSK 2021 1124172 root 20 0 863772 67828 1088 S 43.8 31.1 29:32.05 mem2.bash 2486508 root 20 0 863772 66740 0 R 0.0 30.6 0:00.00 mem2.bash
Thu Dec 23 15:39:22 MSK 2021 Mib Mem: 213.3 total 8.3 free 161.3 used 43.8 buff/cache
Thu Dec 23 15:39:22 MSK 2021 Mib Swap: 820.0 total 173.6 free 646.4 used 39.3 avail mem
Thu Dec 23 15:39:22 MSK 2021 1124172 1 2 3 4

Thu Dec 23 15:40:22 MSK 2021
Thu Dec 23 15:40:22 MSK 2021 1124172 root 20 0 868920 68644 1088 S 37.5 31.4 30:00.26 mem2.bash 2493096 root 20 0 868920 67556 0 R 0.0 30.9 0:00.00 mem2.bash
Thu Dec 23 15:40:23 MSK 2021 Mib Mem: 213.3 total 7.5 free 162.7 used 43.1 buff/cache
Thu Dec 23 15:40:23 MSK 2021 Mib Swap: 820.0 total 169.4 free 650.6 used 41.8 avail mem
Thu Dec 23 15:40:23 MSK 2021 1124172 1 2 3 4

Thu Dec 23 15:41:23 MSK 2021
Thu Dec 23 15:41:23 MSK 2021 1124172 root 20 0 873936 72156 1088 R 43.8 33.0 30:28.52 mem2.bash
Thu Dec 23 15:41:24 MSK 2021 Mib Mem: 213.3 total 8.9 free 162.0 used 42.4 buff/cache
Thu Dec 23 15:41:24 MSK 2021 Mib Swap: 820.0 total 164.4 free 655.6 used 42.5 avail mem
Thu Dec 23 15:41:24 MSK 2021 1124172 1 2 3 4

Thu Dec 23 15:42:24 MSK 2021
Thu Dec 23 15:42:25 MSK 2021 1124172 root 20 0 878952 70584 1088 R 43.8 32.3 30:56.76 mem2.bash
Thu Dec 23 15:42:25 MSK 2021 Mib Mem: 213.3 total 8.7 free 163.0 used 41.6 buff/cache
Thu Dec 23 15:42:25 MSK 2021 Mib Swap: 820.0 total 157.9 free 662.1 used 42.8 avail mem
Thu Dec 23 15:42:25 MSK 2021 1124172 1 2 3 4

Thu Dec 23 15:43:25 MSK 2021
Thu Dec 23 15:43:26 MSK 2021 1124172 root 20 0 883968 70404 1088 S 41.2 32.2 31:25.00 mem2.bash 2512519 root 20 0 883968 69316 0 R 0.0 31.7 0:00.00 mem2.bash
Thu Dec 23 15:43:26 MSK 2021 Mib Mem: 213.3 total 9.2 free 163.8 used 40.3 buff/cache
Thu Dec 23 15:43:26 MSK 2021 Mib Swap: 820.0 total 152.9 free 667.1 used 40.7 avail mem
Thu Dec 23 15:43:26 MSK 2021 1124172 1 2 3 4

Thu Dec 23 15:44:26 MSK 2021
Thu Dec 23 15:44:27 MSK 2021 1124172 root 20 0 888984 67492 1088 S 43.8 30.9 31:53.27 mem2.bash 2518975 root 20 0 888984 66404 0 R 0.0 30.4 0:00.00 mem2.bash
Thu Dec 23 15:44:27 MSK 2021 Mib Mem: 213.3 total 7.8 free 164.7 used 40.8 buff/cache
Thu Dec 23 15:44:27 MSK 2021 Mib Swap: 820.0 total 145.4 free 674.6 used 41.0 avail mem
Thu Dec 23 15:44:27 MSK 2021 1124172 1 2 3 4

Thu Dec 23 15:45:27 MSK 2021
Thu Dec 23 15:45:28 MSK 2021 1124172 root 20 0 894000 55400 1088 R 43.8 25.4 32:21.73 mem2.bash
Thu Dec 23 15:45:28 MSK 2021 Mib Mem: 213.3 total 8.8 free 159.1 used 45.5 buff/cache
Thu Dec 23 15:45:28 MSK 2021 Mib Swap: 820.0 total 128.4 free 691.6 used 47.9 avail mem
Thu Dec 23 15:45:29 MSK 2021 1124172 1 2 3 4

Thu Dec 23 15:46:29 MSK 2021
Thu Dec 23 15:46:29 MSK 2021 1124172 root 20 0 899148 55160 1088 S 35.3 25.3 32:50.28 mem2.bash 2531982 root 20 0 899148 54076 0 R 0.0 24.8 0:00.00 mem2.bash
Thu Dec 23 15:46:29 MSK 2021 Mib Mem: 213.3 total 9.4 free 159.2 used 44.8 buff/cache
Thu Dec 23 15:46:30 MSK 2021 Mib Swap: 820.0 total 123.2 free 696.8 used 40.9 avail mem
Thu Dec 23 15:46:30 MSK 2021 1124172 1 2 3 4

Thu Dec 23 15:47:30 MSK 2021
Thu Dec 23 15:47:30 MSK 2021 1124172 root 20 0 904164 57360 1088 R 37.5 26.3 33:18.75 mem2.bash
Thu Dec 23 15:47:30 MSK 2021 Mib Mem: 213.3 total 8.9 free 161.1 used 43.3 buff/cache
Thu Dec 23 15:47:31 MSK 2021 Mib Swap: 820.0 total 120.4 free 699.6 used 44.6 avail mem
Thu Dec 23 15:47:31 MSK 2021 1124172 11 1 2 3

Thu Dec 23 15:48:31 MSK 2021
Thu Dec 23 15:48:31 MSK 2021 1124172 root 20 0 909180 59580 1088 S 43.8 27.3 33:47.36 mem2.bash 2544975 root 20 0 909180 58492 0 R 0.0 26.8 0:00.00 mem2.bash
Thu Dec 23 15:48:31 MSK 2021 Mib Mem: 213.3 total 6.1 free 163.1 used 44.1 buff/cache
Thu Dec 23 15:48:32 MSK 2021 Mib Swap: 820.0 total 117.7 free 702.3 used 39.9 avail mem
Thu Dec 23 15:48:32 MSK 2021 1124172 1 2 3 4

Thu Dec 23 15:49:32 MSK 2021
Thu Dec 23 15:49:32 MSK 2021 1124172 root 20 0 914196 64076 1088 R 41.2 29.3 34:15.94 mem2.bash
Thu Dec 23 15:49:33 MSK 2021 Mib Mem: 213.3 total 6.7 free 163.9 used 42.8 buff/cache
Thu Dec 23 15:49:33 MSK 2021 Mib Swap: 820.0 total 117.2 free 702.8 used 39.2 avail mem
Thu Dec 23 15:49:33 MSK 2021 1124172 1 2 3 4

Thu Dec 23 15:50:33 MSK 2021
Thu Dec 23 15:50:34 MSK 2021 1124172 root 20 0 919344 64096 1088 S 46.7 29.3 34:44.60 mem2.bash 2557934 root 20 0 919344 63012 0 R 0.0 28.8 0:00.00 mem2.bash
Thu Dec 23 15:50:34 MSK 2021 Mib Mem: 213.3 total 10.8 free 158.8 used 43.7 buff/cache
Thu Dec 23 15:50:34 MSK 2021 Mib Swap: 820.0 total 111.9 free 708.1 used 43.0 avail mem
Thu Dec 23 15:50:34 MSK 2021 1124172 1 2 3 4

Thu Dec 23 15:51:34 MSK 2021
Thu Dec 23 15:51:35 MSK 2021 1124172 root 20 0 924360 57508 1088 S 43.8 26.3 35:13.30 mem2.bash 2564442 root 20 0 924360 56420 0 R 0.0 25.8 0:00.00 mem2.bash
Thu Dec 23 15:51:35 MSK 2021 Mib Mem: 213.3 total 10.4 free 156.2 used 46.7 buff/cache
Thu Dec 23 15:51:35 MSK 2021 Mib Swap: 820.0 total 100.7 free 719.3 used 45.6 avail mem
Thu Dec 23 15:51:35 MSK 2021 1124172 1 2 3 4

Thu Dec 23 15:52:35 MSK 2021
Thu Dec 23 15:52:36 MSK 2021 1124172 root 20 0 929508 58932 1088 S 36.8 27.0 35:42.11 mem2.bash 2571096 root 20 0 929508 57844 0 R 0.0 26.5 0:00.00 mem2.bash
Thu Dec 23 15:52:36 MSK 2021 Mib Mem: 213.3 total 13.2 free 154.9 used 45.2 buff/cache
Thu Dec 23 15:52:36 MSK 2021 Mib Swap: 820.0 total 96.9 free 723.1 used 45.6 avail mem
Thu Dec 23 15:52:36 MSK 2021 1124172 1 2 3 4

Thu Dec 23 15:53:37 MSK 2021
Thu Dec 23 15:53:37 MSK 2021 1124172 root 20 0 934656 64048 1088 S 46.7 29.3 36:10.97 mem2.bash 2577674 root 20 0 934656 62960 0 R 0.0 28.8 0:00.00 mem2.bash
Thu Dec 23 15:53:37 MSK 2021 Mib Mem: 213.3 total 8.2 free 159.9 used 45.3 buff/cache
Thu Dec 23 15:53:37 MSK 2021 Mib Swap: 820.0 total 96.9 free 723.1 used 41.8 avail mem
Thu Dec 23 15:53:37 MSK 2021 1124172 1 2 3 4

Thu Dec 23 15:54:38 MSK 2021
Thu Dec 23 15:54:38 MSK 2021 1124172 root 20 0 939804 60368 1088 S 41.2 27.6 36:39.76 mem2.bash 2584206 root 20 0 939804 59280 0 R 0.0 27.1 0:00.00 mem2.bash
Thu Dec 23 15:54:38 MSK 2021 Mib Mem: 213.3 total 9.4 free 159.4 used 44.4 buff/cache
Thu Dec 23 15:54:38 MSK 2021 Mib Swap: 820.0 total 88.4 free 731.6 used 46.4 avail mem
Thu Dec 23 15:54:39 MSK 2021 1124172 1 2 3 4

Thu Dec 23 15:55:39 MSK 2021
Thu Dec 23 15:55:39 MSK 2021 1124172 root 20 0 944820 59316 1088 R 37.5 27.2 37:08.54 mem2.bash
Thu Dec 23 15:55:39 MSK 2021 Mib Mem: 213.3 total 7.6 free 162.2 used 43.4 buff/cache
Thu Dec 23 15:55:39 MSK 2021 Mib Swap: 820.0 total 82.4 free 737.6 used 43.6 avail mem
Thu Dec 23 15:55:40 MSK 2021 1124172 1 2 3 4

Thu Dec 23 15:56:40 MSK 2021
Thu Dec 23 15:56:40 MSK 2021 1124172 root 20 0 949836 59388 1088 S 47.1 27.2 37:37.44 mem2.bash 2597254 root 20 0 949836 58300 0 R 0.0 26.7 0:00.00 mem2.bash
Thu Dec 23 15:56:40 MSK 2021 Mib Mem: 213.3 total 10.8 free 158.7 used 43.8 buff/cache
Thu Dec 23 15:56:40 MSK 2021 Mib Swap: 820.0 total 77.4 free 742.6 used 43.1 avail mem
Thu Dec 23 15:56:41 MSK 2021 1124172 1 2 3 4

Thu Dec 23 15:57:41 MSK 2021
Thu Dec 23 15:57:41 MSK 2021 1124172 root 20 0 954852 59308 1088 R 41.2 27.2 38:06.35 mem2.bash
Thu Dec 23 15:57:41 MSK 2021 Mib Mem: 213.3 total 9.5 free 159.7 used 44.1 buff/cache
Thu Dec 23 15:57:42 MSK 2021 Mib Swap: 820.0 total 72.4 free 747.6 used 42.1 avail mem
Thu Dec 23 15:57:42 MSK 2021 1124172 1 2 3 4

Thu Dec 23 15:58:42 MSK 2021
Thu Dec 23 15:58:42 MSK 2021 1124172 root 20 0 959604 57928 1088 S 35.3 26.5 38:34.92 mem2.bash 2609700 root 20 0 959604 56840 0 R 0.0 26.0 0:00.00 mem2.bash
Thu Dec 23 15:58:43 MSK 2021 Mib Mem: 213.3 total 10.3 free 158.7 used 44.3 buff/cache
Thu Dec 23 15:58:43 MSK 2021 Mib Swap: 820.0 total 66.4 free 753.6 used 45.7 avail mem
Thu Dec 23 15:58:43 MSK 2021 1124172 1 2 3 4

Thu Dec 23 15:59:43 MSK 2021
Thu Dec 23 15:59:43 MSK 2021 1124172 root 20 0 964224 58524 1088 S 43.8 26.8 39:03.64 mem2.bash 2615702 root 20 0 964224 57436 0 R 0.0 26.3 0:00.00 mem2.bash
Thu Dec 23 15:59:44 MSK 2021 Mib Mem: 213.3 total 9.4 free 159.6 used 44.3 buff/cache
Thu Dec 23 15:59:44 MSK 2021 Mib Swap: 820.0 total 62.7 free 757.3 used 42.1 avail mem
Thu Dec 23 15:59:44 MSK 2021 1124172 1 2 3 4

Thu Dec 23 16:00:44 MSK 2021
Thu Dec 23 16:00:45 MSK 2021 1124172 root 20 0 968844 63136 1088 R 35.3 28.9 39:32.26 mem2.bash
Thu Dec 23 16:00:45 MSK 2021 Mib Mem: 213.3 total 7.9 free 160.7 used 44.7 buff/cache
Thu Dec 23 16:00:45 MSK 2021 Mib Swap: 820.0 total 62.7 free 757.3 used 39.7 avail mem
Thu Dec 23 16:00:45 MSK 2021 1124172 1 2 3 4

Thu Dec 23 16:01:45 MSK 2021
Thu Dec 23 16:01:46 MSK 2021 1124172 root 20 0 973596 50456 1088 R 35.3 23.1 40:01.02 mem2.bash
Thu Dec 23 16:01:46 MSK 2021 Mib Mem: 213.3 total 10.9 free 149.5 used 52.9 buff/cache
Thu Dec 23 16:01:46 MSK 2021 Mib Swap: 820.0 total 46.2 free 773.8 used 49.2 avail mem
Thu Dec 23 16:01:46 MSK 2021 1124172 1 2 3 4

Thu Dec 23 16:02:47 MSK 2021
Thu Dec 23 16:02:47 MSK 2021 1124172 root 20 0 978480 52440 1088 R 41.2 24.0 40:30.01 mem2.bash
Thu Dec 23 16:02:47 MSK 2021 Mib Mem: 213.3 total 9.0 free 152.4 used 52.0 buff/cache
Thu Dec 23 16:02:47 MSK 2021 Mib Swap: 820.0 total 43.4 free 776.6 used 45.3 avail mem
Thu Dec 23 16:02:48 MSK 2021 1124172 1 2 3 4

Thu Dec 23 16:03:48 MSK 2021
Thu Dec 23 16:03:48 MSK 2021 1124172 root 20 0 983364 57360 1088 R 46.7 26.3 40:59.05 mem2.bash
Thu Dec 23 16:03:48 MSK 2021 Mib Mem: 213.3 total 9.7 free 154.0 used 49.6 buff/cache
Thu Dec 23 16:03:48 MSK 2021 Mib Swap: 820.0 total 43.2 free 776.8 used 47.6 avail mem
Thu Dec 23 16:03:49 MSK 2021 1124172 1 2 3 4

Thu Dec 23 16:04:49 MSK 2021
Thu Dec 23 16:04:49 MSK 2021 1124172 root 20 0 988248 59340 1088 S 47.1 27.2 41:28.02 mem2.bash 2646608 root 20 0 988248 58256 0 R 0.0 26.7 0:00.00 mem2.bash
Thu Dec 23 16:04:49 MSK 2021 Mib Mem: 213.3 total 8.4 free 156.3 used 48.6 buff/cache
Thu Dec 23 16:04:49 MSK 2021 Mib Swap: 820.0 total 40.4 free 779.6 used 49.4 avail mem
Thu Dec 23 16:04:50 MSK 2021 1124172 1 2 3 4

Thu Dec 23 16:05:50 MSK 2021
Thu Dec 23 16:05:50 MSK 2021 1124172 root 20 0 993000 46660 1088 R 43.8 21.4 41:56.87 mem2.bash
Thu Dec 23 16:05:50 MSK 2021 Mib Mem: 213.3 total 7.8 free 145.8 used 59.7 buff/cache
Thu Dec 23 16:05:51 MSK 2021 Mib Swap: 820.0 total 24.7 free 795.3 used 55.8 avail mem
Thu Dec 23 16:05:51 MSK 2021 1124172 1 2 3 4

Thu Dec 23 16:06:51 MSK 2021
Thu Dec 23 16:06:51 MSK 2021 1124172 root 20 0 998016 49556 1088 S 41.2 22.7 42:26.01 mem2.bash 2659098 root 20 0 998016 48472 0 R 0.0 22.2 0:00.00 mem2.bash
Thu Dec 23 16:06:51 MSK 2021 Mib Mem: 213.3 total 6.4 free 148.5 used 58.4 buff/cache
Thu Dec 23 16:06:52 MSK 2021 Mib Swap: 820.0 total 22.9 free 797.1 used 57.0 avail mem
Thu Dec 23 16:06:52 MSK 2021 1124172 1 2 3 4

Thu Dec 23 16:07:52 MSK 2021
Thu Dec 23 16:07:52 MSK 2021 1124172 root 20 0 1002900 47936 1088 S 50.0 21.9 42:55.21 mem2.bash 2665402 root 20 0 1002900 46848 0 R 0.0 21.4 0:00.00 mem2.bash
Thu Dec 23 16:07:53 MSK 2021 Mib Mem: 213.3 total 9.0 free 149.7 used 54.7 buff/cache
Thu Dec 23 16:07:53 MSK 2021 Mib Swap: 820.0 total 16.4 free 803.6 used 48.9 avail mem
Thu Dec 23 16:07:53 MSK 2021 1124172 1 2 3 4

Thu Dec 23 16:08:53 MSK 2021
Thu Dec 23 16:08:53 MSK 2021 1124172 root 20 0 1007520 50648 1088 R 44.4 23.2 43:24.29 mem2.bash
Thu Dec 23 16:08:54 MSK 2021 Mib Mem: 213.3 total 7.6 free 152.7 used 53.0 buff/cache
Thu Dec 23 16:08:54 MSK 2021 Mib Swap: 820.0 total 14.4 free 805.6 used 48.9 avail mem
Thu Dec 23 16:08:54 MSK 2021 1124172 1 2 3 4

Thu Dec 23 16:09:54 MSK 2021
Thu Dec 23 16:09:55 MSK 2021 1124172 root 20 0 1012272 39844 1052 S 36.8 18.2 43:53.08 mem2.bash 2677486 root 20 0 1012272 38796 0 R 0.0 17.8 0:00.00 mem2.bash
Thu Dec 23 16:09:56 MSK 2021 Mib Mem: 213.3 total 10.5 free 159.0 used 43.8 buff/cache
Thu Dec 23 16:09:56 MSK 2021 Mib Swap: 820.0 total 0.1 free 819.9 used 68.0 avail mem
Thu Dec 23 16:09:57 MSK 2021 1124172 48 2677573 1 2

Thu Dec 23 16:10:57 MSK 2021
Thu Dec 23 16:10:57 MSK 2021 1124172 root 20 0 1017156 44556 1052 R 53.3 20.4 44:22.60 mem2.bash
Thu Dec 23 16:10:58 MSK 2021 Mib Mem: 213.3 total 7.3 free 141.9 used 64.1 buff/cache
Thu Dec 23 16:10:58 MSK 2021 Mib Swap: 820.0 total 0.0 free 820.0 used 63.6 avail mem
Thu Dec 23 16:10:58 MSK 2021 1124172 1 2 3 4

Thu Dec 23 16:11:58 MSK 2021
Thu Dec 23 16:11:58 MSK 2021 1124172 root 20 0 1022040 49416 1052 S 43.8 22.6 44:51.86 mem2.bash 2690020 root 20 0 1022040 48364 0 R 0.0 22.1 0:00.00 mem2.bash
Thu Dec 23 16:11:59 MSK 2021 Mib Mem: 213.3 total 6.7 free 148.2 used 58.4 buff/cache
Thu Dec 23 16:11:59 MSK 2021 Mib Swap: 820.0 total 0.0 free 820.0 used 54.8 avail mem
Thu Dec 23 16:11:59 MSK 2021 1124172 1 2 3 4

Thu Dec 23 16:12:59 MSK 2021
Thu Dec 23 16:13:00 MSK 2021 1124172 root 20 0 1026792 54148 1048 S 43.8 24.8 45:20.95 mem2.bash 2696110 root 20 0 1026792 53100 0 R 0.0 24.3 0:00.00 mem2.bash
Thu Dec 23 16:13:00 MSK 2021 Mib Mem: 213.3 total 7.6 free 151.3 used 54.4 buff/cache
Thu Dec 23 16:13:00 MSK 2021 Mib Swap: 820.0 total 0.0 free 820.0 used 50.2 avail mem
Thu Dec 23 16:13:00 MSK 2021 1124172 1 2 3 4

Thu Dec 23 16:14:01 MSK 2021
Thu Dec 23 16:14:01 MSK 2021 1124172 root 20 0 1031544 58920 1048 S 43.8 27.0 45:50.38 mem2.bash 2702266 root 20 0 1031544 57876 0 R 0.0 26.5 0:00.00 mem2.bash
Thu Dec 23 16:14:01 MSK 2021 Mib Mem: 213.3 total 9.8 free 157.5 used 46.1 buff/cache
Thu Dec 23 16:14:02 MSK 2021 Mib Swap: 820.0 total 0.0 free 820.0 used 49.6 avail mem
Thu Dec 23 16:14:02 MSK 2021 1124172 1 2 3 4

Thu Dec 23 16:15:02 MSK 2021
Thu Dec 23 16:15:02 MSK 2021 1124172 root 20 0 1036164 63604 1048 S 50.0 29.1 46:19.63 mem2.bash 2708289 root 20 0 1036164 62556 0 R 0.0 28.6 0:00.00 mem2.bash
Thu Dec 23 16:15:03 MSK 2021 Mib Mem: 213.3 total 8.2 free 160.6 used 44.6 buff/cache
Thu Dec 23 16:15:03 MSK 2021 Mib Swap: 820.0 total 0.0 free 820.0 used 39.5 avail mem
Thu Dec 23 16:15:03 MSK 2021 1124172 1 2 3 4

Thu Dec 23 16:16:03 MSK 2021
Thu Dec 23 16:16:04 MSK 2021 1124172 root 20 0 1040916 68264 1048 R 38.1 31.3 46:49.07 mem2.bash
Thu Dec 23 16:16:05 MSK 2021 Mib Mem: 213.3 total 8.8 free 166.6 used 37.9 buff/cache
Thu Dec 23 16:16:05 MSK 2021 Mib Swap: 820.0 total 0.0 free 820.0 used 36.4 avail mem
Thu Dec 23 16:16:06 MSK 2021 1124172 1 2 3 4

Thu Dec 23 16:17:06 MSK 2021
Thu Dec 23 16:17:07 MSK 2021 1124172 root 20 0 1045536 72608 696 S 25.0 33.2 47:19.17 mem2.bash 2720329 root 20 0 1045536 71912 0 R 0.0 32.9 0:00.00 mem2.bash
Thu Dec 23 16:17:08 MSK 2021 Mib Mem: 213.3 total 8.4 free 169.7 used 35.2 buff/cache
Thu Dec 23 16:17:09 MSK 2021 Mib Swap: 820.0 total 0.0 free 820.0 used 35.8 avail mem
Thu Dec 23 16:17:10 MSK 2021 1124172 48 1 2 3

Thu Dec 23 16:18:11 MSK 2021
Thu Dec 23 16:18:12 MSK 2021 1124172 root 20 0 1050156 77216 1032 S 22.6 35.3 47:49.20 mem2.bash 2726295 root 20 0 1050156 76184 0 D 0.0 34.9 0:00.00 mem2.bash
Thu Dec 23 16:18:13 MSK 2021 Mib Mem: 213.3 total 5.4 free 175.9 used 32.1 buff/cache
Thu Dec 23 16:18:14 MSK 2021 Mib Swap: 820.0 total 0.0 free 820.0 used 29.6 avail mem
Thu Dec 23 16:18:15 MSK 2021 1124172 48 1 2 3

Thu Dec 23 16:19:16 MSK 2021
Thu Dec 23 16:19:18 MSK 2021
Thu Dec 23 16:19:19 MSK 2021 Mib Mem: 213.3 total 56.3 free 87.6 used 69.4 buff/cache
Thu Dec 23 16:19:19 MSK 2021 Mib Swap: 820.0 total 734.3 free 85.7 used 117.8 avail mem
Thu Dec 23 16:19:19 MSK 2021 1 2 3 4 6

